2013/12/06 12:51:45 [error] [system.db.CDbCommand] CDbCommand::fetchAll() failed: SQLSTATE[42S02]: Base table or view not found: 1146 Table 'scheduler_test.tbl_migration' doesn't exist. The SQL statement executed was: SHOW FULL COLUMNS FROM `tbl_migration`.
2013/12/06 13:00:19 [error] [system.db.CDbCommand] CDbCommand::execute() failed: SQLSTATE[42000]: Syntax error or access violation: 1064 You have an error in your SQL syntax; check the manual that corresponds to your MySQL server version for the right syntax to use near 'desc) VALUES((0, "Не определён"),(1, "Собеседование"),(2' at line 1. The SQL statement executed was: INSERT INTO scheduler_meeting_types (type, desc) VALUES((0, "Не определён"),(1, "Собеседование"),(2, "Совещание"),(3, "Конференция"),(4, "Пьянка")).
2013/12/06 13:00:57 [error] [system.db.CDbCommand] CDbCommand::execute() failed: SQLSTATE[21000]: Cardinality violation: 1241 Operand should contain 1 column(s). The SQL statement executed was: INSERT INTO scheduler_meeting_types VALUES((0, "Не определён"),(1, "Собеседование"),(2, "Совещание"),(3, "Конференция"),(4, "Пьянка")).
2013/12/06 13:02:25 [error] [exception.CException] exception 'CException' with message 'The asset "/Users/dmitrij/www/projects/smartprocessing/framework/gii/assets" to be published does not exist.' in /Users/dmitrij/www/projects/smartprocessing/framework/web/CAssetManager.php:257
Stack trace:
#0 /Users/dmitrij/www/projects/smartprocessing/framework/gii/GiiModule.php(142): CAssetManager->publish('/Users/dmitrij/...')
#1 /Users/dmitrij/www/projects/smartprocessing/framework/base/CComponent.php(111): GiiModule->getAssetsUrl()
#2 /Users/dmitrij/www/projects/smartprocessing/framework/base/CModule.php(105): CComponent->__get('assetsUrl')
#3 /Users/dmitrij/www/projects/smartprocessing/framework/gii/views/layouts/main.php(5): CModule->__get('assetsUrl')
#4 /Users/dmitrij/www/projects/smartprocessing/framework/web/CBaseController.php(126): require('/Users/dmitrij/...')
#5 /Users/dmitrij/www/projects/smartprocessing/framework/web/CBaseController.php(95): CBaseController->renderInternal('/Users/dmitrij/...', Array, true)
#6 /Users/dmitrij/www/projects/smartprocessing/framework/web/widgets/CContentDecorator.php(76): CBaseController->renderFile('/Users/dmitrij/...', Array, true)
#7 /Users/dmitrij/www/projects/smartprocessing/framework/web/widgets/CContentDecorator.php(54): CContentDecorator->decorate('<div class="con...')
#8 /Users/dmitrij/www/projects/smartprocessing/framework/web/widgets/COutputProcessor.php(44): CContentDecorator->processOutput('<div class="con...')
#9 /Users/dmitrij/www/projects/smartprocessing/framework/web/CBaseController.php(206): COutputProcessor->run()
#10 /Users/dmitrij/www/projects/smartprocessing/framework/web/CBaseController.php(300): CBaseController->endWidget('CContentDecorat...')
#11 /Users/dmitrij/www/projects/smartprocessing/framework/gii/views/layouts/column1.php(7): CBaseController->endContent()
#12 /Users/dmitrij/www/projects/smartprocessing/framework/web/CBaseController.php(126): require('/Users/dmitrij/...')
#13 /Users/dmitrij/www/projects/smartprocessing/framework/web/CBaseController.php(95): CBaseController->renderInternal('/Users/dmitrij/...', Array, true)
#14 /Users/dmitrij/www/projects/smartprocessing/framework/web/CController.php(784): CBaseController->renderFile('/Users/dmitrij/...', Array, true)
#15 /Users/dmitrij/www/projects/smartprocessing/framework/gii/controllers/DefaultController.php(47): CController->render('login', Array)
#16 /Users/dmitrij/www/projects/smartprocessing/framework/web/actions/CInlineAction.php(49): DefaultController->actionLogin()
#17 /Users/dmitrij/www/projects/smartprocessing/framework/web/CController.php(308): CInlineAction->runWithParams(Array)
#18 /Users/dmitrij/www/projects/smartprocessing/framework/web/CController.php(286): CController->runAction(Object(CInlineAction))
#19 /Users/dmitrij/www/projects/smartprocessing/framework/web/CController.php(265): CController->runActionWithFilters(Object(CInlineAction), Array)
#20 /Users/dmitrij/www/projects/smartprocessing/framework/web/CWebApplication.php(282): CController->run('login')
#21 /Users/dmitrij/www/projects/smartprocessing/framework/web/CWebApplication.php(141): CWebApplication->runController('gii/default/log...')
#22 /Users/dmitrij/www/projects/smartprocessing/framework/base/CApplication.php(169): CWebApplication->processRequest()
#23 /Users/dmitrij/www/projects/smartprocessing/index.php(13): CApplication->run()
#24 {main}
REQUEST_URI=/gii/default/login
---
2013/12/06 13:10:35 [error] [system.db.CDbCommand] CDbCommand::execute() failed: SQLSTATE[42000]: Syntax error or access violation: 1064 You have an error in your SQL syntax; check the manual that corresponds to your MySQL server version for the right syntax to use near 'Собеседование),(Совещание),(Конференция),(Пь' at line 1. The SQL statement executed was: INSERT INTO scheduler_meeting_types (`desc`) VALUES Собеседование),(Совещание),(Конференция),(Пьянка);.
2013/12/06 13:11:00 [error] [system.db.CDbCommand] CDbCommand::execute() failed: SQLSTATE[42S22]: Column not found: 1054 Unknown column 'Собеседование' in 'field list'. The SQL statement executed was: INSERT INTO scheduler_meeting_types (`desc`) VALUES (Собеседование),(Совещание),(Конференция),(Пьянка);.
2013/12/06 13:11:56 [error] [system.db.CDbCommand] CDbCommand::execute() failed: SQLSTATE[42000]: Syntax error or access violation: 1064 You have an error in your SQL syntax; check the manual that corresponds to your MySQL server version for the right syntax to use near '"),("Совещание"),("Конференция"),("Пьянка)' at line 1. The SQL statement executed was: INSERT INTO scheduler_meeting_types (`desc`) VALUES (Собеседование"),("Совещание"),("Конференция"),("Пьянка);.
2013/12/06 13:12:51 [error] [system.db.CDbCommand] CDbCommand::execute() failed: SQLSTATE[42000]: Syntax error or access violation: 1064 You have an error in your SQL syntax; check the manual that corresponds to your MySQL server version for the right syntax to use near 'Конференция),("Пьянка)' at line 1. The SQL statement executed was: INSERT INTO scheduler_meeting_types (`desc`) VALUES (Собеседование),("Совещание),("Конференция),("Пьянка);.
2013/12/06 13:34:40 [error] [exception.CHttpException.404] exception 'CHttpException' with message 'Unable to resolve the request "js/jquery.min.map".' in /Users/dmitrij/www/projects/smartprocessing/framework/web/CWebApplication.php:286
Stack trace:
#0 /Users/dmitrij/www/projects/smartprocessing/framework/web/CWebApplication.php(141): CWebApplication->runController('js/jquery.min.m...')
#1 /Users/dmitrij/www/projects/smartprocessing/framework/base/CApplication.php(169): CWebApplication->processRequest()
#2 /Users/dmitrij/www/projects/smartprocessing/index.php(13): CApplication->run()
#3 {main}
REQUEST_URI=/js/jquery.min.map
HTTP_REFERER=http://localhost:8083/
---
2013/12/06 13:59:41 [error] [exception.CHttpException.404] exception 'CHttpException' with message 'Unable to resolve the request "js/jquery.min.map".' in /Users/dmitrij/www/projects/smartprocessing/framework/web/CWebApplication.php:286
Stack trace:
#0 /Users/dmitrij/www/projects/smartprocessing/framework/web/CWebApplication.php(141): CWebApplication->runController('js/jquery.min.m...')
#1 /Users/dmitrij/www/projects/smartprocessing/framework/base/CApplication.php(169): CWebApplication->processRequest()
#2 /Users/dmitrij/www/projects/smartprocessing/index.php(13): CApplication->run()
#3 {main}
REQUEST_URI=/js/jquery.min.map
HTTP_REFERER=http://localhost:8083/
---
2013/12/06 14:00:17 [error] [exception.CHttpException.404] exception 'CHttpException' with message 'Unable to resolve the request "js/jquery.min.map".' in /Users/dmitrij/www/projects/smartprocessing/framework/web/CWebApplication.php:286
Stack trace:
#0 /Users/dmitrij/www/projects/smartprocessing/framework/web/CWebApplication.php(141): CWebApplication->runController('js/jquery.min.m...')
#1 /Users/dmitrij/www/projects/smartprocessing/framework/base/CApplication.php(169): CWebApplication->processRequest()
#2 /Users/dmitrij/www/projects/smartprocessing/index.php(13): CApplication->run()
#3 {main}
REQUEST_URI=/js/jquery.min.map
HTTP_REFERER=http://localhost:8083/
---
2013/12/06 14:03:43 [error] [exception.CHttpException.404] exception 'CHttpException' with message 'Unable to resolve the request "js/jquery.min.map".' in /Users/dmitrij/www/projects/smartprocessing/framework/web/CWebApplication.php:286
Stack trace:
#0 /Users/dmitrij/www/projects/smartprocessing/framework/web/CWebApplication.php(141): CWebApplication->runController('js/jquery.min.m...')
#1 /Users/dmitrij/www/projects/smartprocessing/framework/base/CApplication.php(169): CWebApplication->processRequest()
#2 /Users/dmitrij/www/projects/smartprocessing/index.php(13): CApplication->run()
#3 {main}
REQUEST_URI=/js/jquery.min.map
HTTP_REFERER=http://localhost:8083/
---
2013/12/06 14:16:21 [error] [exception.CHttpException.404] exception 'CHttpException' with message 'Unable to resolve the request "js/jquery.min.map".' in /Users/dmitrij/www/projects/smartprocessing/framework/web/CWebApplication.php:286
Stack trace:
#0 /Users/dmitrij/www/projects/smartprocessing/framework/web/CWebApplication.php(141): CWebApplication->runController('js/jquery.min.m...')
#1 /Users/dmitrij/www/projects/smartprocessing/framework/base/CApplication.php(169): CWebApplication->processRequest()
#2 /Users/dmitrij/www/projects/smartprocessing/index.php(13): CApplication->run()
#3 {main}
REQUEST_URI=/js/jquery.min.map
HTTP_REFERER=http://localhost:8083/
---
2013/12/06 14:18:23 [error] [exception.CHttpException.404] exception 'CHttpException' with message 'Unable to resolve the request "js/jquery.min.map".' in /Users/dmitrij/www/projects/smartprocessing/framework/web/CWebApplication.php:286
Stack trace:
#0 /Users/dmitrij/www/projects/smartprocessing/framework/web/CWebApplication.php(141): CWebApplication->runController('js/jquery.min.m...')
#1 /Users/dmitrij/www/projects/smartprocessing/framework/base/CApplication.php(169): CWebApplication->processRequest()
#2 /Users/dmitrij/www/projects/smartprocessing/index.php(13): CApplication->run()
#3 {main}
REQUEST_URI=/js/jquery.min.map
HTTP_REFERER=http://localhost:8083/
---
2013/12/06 14:19:12 [error] [exception.CHttpException.404] exception 'CHttpException' with message 'Unable to resolve the request "js/jquery.min.map".' in /Users/dmitrij/www/projects/smartprocessing/framework/web/CWebApplication.php:286
Stack trace:
#0 /Users/dmitrij/www/projects/smartprocessing/framework/web/CWebApplication.php(141): CWebApplication->runController('js/jquery.min.m...')
#1 /Users/dmitrij/www/projects/smartprocessing/framework/base/CApplication.php(169): CWebApplication->processRequest()
#2 /Users/dmitrij/www/projects/smartprocessing/index.php(13): CApplication->run()
#3 {main}
REQUEST_URI=/js/jquery.min.map
HTTP_REFERER=http://localhost:8083/
---
2013/12/06 14:22:47 [error] [exception.CHttpException.404] exception 'CHttpException' with message 'Unable to resolve the request "js/jquery.min.map".' in /Users/dmitrij/www/projects/smartprocessing/framework/web/CWebApplication.php:286
Stack trace:
#0 /Users/dmitrij/www/projects/smartprocessing/framework/web/CWebApplication.php(141): CWebApplication->runController('js/jquery.min.m...')
#1 /Users/dmitrij/www/projects/smartprocessing/framework/base/CApplication.php(169): CWebApplication->processRequest()
#2 /Users/dmitrij/www/projects/smartprocessing/index.php(13): CApplication->run()
#3 {main}
REQUEST_URI=/js/jquery.min.map
HTTP_REFERER=http://localhost:8083/
---
2013/12/06 14:25:56 [error] [exception.CHttpException.404] exception 'CHttpException' with message 'Unable to resolve the request "js/jquery.min.map".' in /Users/dmitrij/www/projects/smartprocessing/framework/web/CWebApplication.php:286
Stack trace:
#0 /Users/dmitrij/www/projects/smartprocessing/framework/web/CWebApplication.php(141): CWebApplication->runController('js/jquery.min.m...')
#1 /Users/dmitrij/www/projects/smartprocessing/framework/base/CApplication.php(169): CWebApplication->processRequest()
#2 /Users/dmitrij/www/projects/smartprocessing/index.php(13): CApplication->run()
#3 {main}
REQUEST_URI=/js/jquery.min.map
HTTP_REFERER=http://localhost:8083/
---
2013/12/06 14:26:04 [error] [exception.CHttpException.404] exception 'CHttpException' with message 'Unable to resolve the request "meetings/create".' in /Users/dmitrij/www/projects/smartprocessing/framework/web/CWebApplication.php:286
Stack trace:
#0 /Users/dmitrij/www/projects/smartprocessing/framework/web/CWebApplication.php(141): CWebApplication->runController('meetings/create')
#1 /Users/dmitrij/www/projects/smartprocessing/framework/base/CApplication.php(169): CWebApplication->processRequest()
#2 /Users/dmitrij/www/projects/smartprocessing/index.php(13): CApplication->run()
#3 {main}
REQUEST_URI=/meetings/create
HTTP_REFERER=http://localhost:8083/
---
2013/12/06 14:26:16 [error] [exception.CHttpException.404] exception 'CHttpException' with message 'Unable to resolve the request "js/jquery.min.map".' in /Users/dmitrij/www/projects/smartprocessing/framework/web/CWebApplication.php:286
Stack trace:
#0 /Users/dmitrij/www/projects/smartprocessing/framework/web/CWebApplication.php(141): CWebApplication->runController('js/jquery.min.m...')
#1 /Users/dmitrij/www/projects/smartprocessing/framework/base/CApplication.php(169): CWebApplication->processRequest()
#2 /Users/dmitrij/www/projects/smartprocessing/index.php(13): CApplication->run()
#3 {main}
REQUEST_URI=/js/jquery.min.map
HTTP_REFERER=http://localhost:8083/
---
2013/12/06 14:30:30 [error] [exception.CHttpException.404] exception 'CHttpException' with message 'Unable to resolve the request "js/jquery.min.map".' in /Users/dmitrij/www/projects/smartprocessing/framework/web/CWebApplication.php:286
Stack trace:
#0 /Users/dmitrij/www/projects/smartprocessing/framework/web/CWebApplication.php(141): CWebApplication->runController('js/jquery.min.m...')
#1 /Users/dmitrij/www/projects/smartprocessing/framework/base/CApplication.php(169): CWebApplication->processRequest()
#2 /Users/dmitrij/www/projects/smartprocessing/index.php(13): CApplication->run()
#3 {main}
REQUEST_URI=/js/jquery.min.map
HTTP_REFERER=http://localhost:8083/
---
2013/12/06 14:38:22 [error] [exception.CHttpException.404] exception 'CHttpException' with message 'Unable to resolve the request "js/jquery.min.map".' in /Users/dmitrij/www/projects/smartprocessing/framework/web/CWebApplication.php:286
Stack trace:
#0 /Users/dmitrij/www/projects/smartprocessing/framework/web/CWebApplication.php(141): CWebApplication->runController('js/jquery.min.m...')
#1 /Users/dmitrij/www/projects/smartprocessing/framework/base/CApplication.php(169): CWebApplication->processRequest()
#2 /Users/dmitrij/www/projects/smartprocessing/index.php(13): CApplication->run()
#3 {main}
REQUEST_URI=/js/jquery.min.map
HTTP_REFERER=http://localhost:8083/
---
2013/12/06 14:41:12 [error] [exception.CHttpException.404] exception 'CHttpException' with message 'Unable to resolve the request "js/jquery.min.map".' in /Users/dmitrij/www/projects/smartprocessing/framework/web/CWebApplication.php:286
Stack trace:
#0 /Users/dmitrij/www/projects/smartprocessing/framework/web/CWebApplication.php(141): CWebApplication->runController('js/jquery.min.m...')
#1 /Users/dmitrij/www/projects/smartprocessing/framework/base/CApplication.php(169): CWebApplication->processRequest()
#2 /Users/dmitrij/www/projects/smartprocessing/index.php(13): CApplication->run()
#3 {main}
REQUEST_URI=/js/jquery.min.map
HTTP_REFERER=http://localhost:8083/
---
2013/12/06 14:41:24 [error] [exception.CHttpException.404] exception 'CHttpException' with message 'Unable to resolve the request "js/jquery.min.map".' in /Users/dmitrij/www/projects/smartprocessing/framework/web/CWebApplication.php:286
Stack trace:
#0 /Users/dmitrij/www/projects/smartprocessing/framework/web/CWebApplication.php(141): CWebApplication->runController('js/jquery.min.m...')
#1 /Users/dmitrij/www/projects/smartprocessing/framework/base/CApplication.php(169): CWebApplication->processRequest()
#2 /Users/dmitrij/www/projects/smartprocessing/index.php(13): CApplication->run()
#3 {main}
REQUEST_URI=/js/jquery.min.map
HTTP_REFERER=http://localhost:8083/
---
2013/12/06 14:41:26 [error] [exception.CHttpException.404] exception 'CHttpException' with message 'Unable to resolve the request "js/jquery.min.map".' in /Users/dmitrij/www/projects/smartprocessing/framework/web/CWebApplication.php:286
Stack trace:
#0 /Users/dmitrij/www/projects/smartprocessing/framework/web/CWebApplication.php(141): CWebApplication->runController('js/jquery.min.m...')
#1 /Users/dmitrij/www/projects/smartprocessing/framework/base/CApplication.php(169): CWebApplication->processRequest()
#2 /Users/dmitrij/www/projects/smartprocessing/index.php(13): CApplication->run()
#3 {main}
REQUEST_URI=/js/jquery.min.map
HTTP_REFERER=http://localhost:8083/
---
2013/12/06 14:42:11 [error] [exception.CHttpException.404] exception 'CHttpException' with message 'Unable to resolve the request "js/jquery.min.map".' in /Users/dmitrij/www/projects/smartprocessing/framework/web/CWebApplication.php:286
Stack trace:
#0 /Users/dmitrij/www/projects/smartprocessing/framework/web/CWebApplication.php(141): CWebApplication->runController('js/jquery.min.m...')
#1 /Users/dmitrij/www/projects/smartprocessing/framework/base/CApplication.php(169): CWebApplication->processRequest()
#2 /Users/dmitrij/www/projects/smartprocessing/index.php(13): CApplication->run()
#3 {main}
REQUEST_URI=/js/jquery.min.map
HTTP_REFERER=http://localhost:8083/
---
2013/12/06 14:42:43 [error] [exception.CHttpException.404] exception 'CHttpException' with message 'Unable to resolve the request "js/jquery.min.map".' in /Users/dmitrij/www/projects/smartprocessing/framework/web/CWebApplication.php:286
Stack trace:
#0 /Users/dmitrij/www/projects/smartprocessing/framework/web/CWebApplication.php(141): CWebApplication->runController('js/jquery.min.m...')
#1 /Users/dmitrij/www/projects/smartprocessing/framework/base/CApplication.php(169): CWebApplication->processRequest()
#2 /Users/dmitrij/www/projects/smartprocessing/index.php(13): CApplication->run()
#3 {main}
REQUEST_URI=/js/jquery.min.map
HTTP_REFERER=http://localhost:8083/
---
2013/12/06 14:43:16 [error] [exception.CHttpException.404] exception 'CHttpException' with message 'Unable to resolve the request "js/jquery.min.map".' in /Users/dmitrij/www/projects/smartprocessing/framework/web/CWebApplication.php:286
Stack trace:
#0 /Users/dmitrij/www/projects/smartprocessing/framework/web/CWebApplication.php(141): CWebApplication->runController('js/jquery.min.m...')
#1 /Users/dmitrij/www/projects/smartprocessing/framework/base/CApplication.php(169): CWebApplication->processRequest()
#2 /Users/dmitrij/www/projects/smartprocessing/index.php(13): CApplication->run()
#3 {main}
REQUEST_URI=/js/jquery.min.map
HTTP_REFERER=http://localhost:8083/
---
2013/12/06 14:43:41 [error] [exception.CHttpException.404] exception 'CHttpException' with message 'Unable to resolve the request "js/jquery.min.map".' in /Users/dmitrij/www/projects/smartprocessing/framework/web/CWebApplication.php:286
Stack trace:
#0 /Users/dmitrij/www/projects/smartprocessing/framework/web/CWebApplication.php(141): CWebApplication->runController('js/jquery.min.m...')
#1 /Users/dmitrij/www/projects/smartprocessing/framework/base/CApplication.php(169): CWebApplication->processRequest()
#2 /Users/dmitrij/www/projects/smartprocessing/index.php(13): CApplication->run()
#3 {main}
REQUEST_URI=/js/jquery.min.map
HTTP_REFERER=http://localhost:8083/
---
2013/12/06 14:44:59 [error] [exception.CHttpException.404] exception 'CHttpException' with message 'Unable to resolve the request "js/jquery.min.map".' in /Users/dmitrij/www/projects/smartprocessing/framework/web/CWebApplication.php:286
Stack trace:
#0 /Users/dmitrij/www/projects/smartprocessing/framework/web/CWebApplication.php(141): CWebApplication->runController('js/jquery.min.m...')
#1 /Users/dmitrij/www/projects/smartprocessing/framework/base/CApplication.php(169): CWebApplication->processRequest()
#2 /Users/dmitrij/www/projects/smartprocessing/index.php(13): CApplication->run()
#3 {main}
REQUEST_URI=/js/jquery.min.map
HTTP_REFERER=http://localhost:8083/
---
2013/12/06 14:45:09 [error] [exception.CHttpException.404] exception 'CHttpException' with message 'Unable to resolve the request "js/jquery.min.map".' in /Users/dmitrij/www/projects/smartprocessing/framework/web/CWebApplication.php:286
Stack trace:
#0 /Users/dmitrij/www/projects/smartprocessing/framework/web/CWebApplication.php(141): CWebApplication->runController('js/jquery.min.m...')
#1 /Users/dmitrij/www/projects/smartprocessing/framework/base/CApplication.php(169): CWebApplication->processRequest()
#2 /Users/dmitrij/www/projects/smartprocessing/index.php(13): CApplication->run()
#3 {main}
REQUEST_URI=/js/jquery.min.map
HTTP_REFERER=http://localhost:8083/
---
2013/12/06 14:46:23 [error] [exception.CHttpException.404] exception 'CHttpException' with message 'Unable to resolve the request "js/jquery.min.map".' in /Users/dmitrij/www/projects/smartprocessing/framework/web/CWebApplication.php:286
Stack trace:
#0 /Users/dmitrij/www/projects/smartprocessing/framework/web/CWebApplication.php(141): CWebApplication->runController('js/jquery.min.m...')
#1 /Users/dmitrij/www/projects/smartprocessing/framework/base/CApplication.php(169): CWebApplication->processRequest()
#2 /Users/dmitrij/www/projects/smartprocessing/index.php(13): CApplication->run()
#3 {main}
REQUEST_URI=/js/jquery.min.map
HTTP_REFERER=http://localhost:8083/
---
2013/12/06 14:49:46 [error] [exception.CHttpException.404] exception 'CHttpException' with message 'Unable to resolve the request "js/jquery.min.map".' in /Users/dmitrij/www/projects/smartprocessing/framework/web/CWebApplication.php:286
Stack trace:
#0 /Users/dmitrij/www/projects/smartprocessing/framework/web/CWebApplication.php(141): CWebApplication->runController('js/jquery.min.m...')
#1 /Users/dmitrij/www/projects/smartprocessing/framework/base/CApplication.php(169): CWebApplication->processRequest()
#2 /Users/dmitrij/www/projects/smartprocessing/index.php(13): CApplication->run()
#3 {main}
REQUEST_URI=/js/jquery.min.map
HTTP_REFERER=http://localhost:8083/
---
2013/12/06 14:49:56 [error] [exception.CHttpException.404] exception 'CHttpException' with message 'Unable to resolve the request "js/jquery.min.map".' in /Users/dmitrij/www/projects/smartprocessing/framework/web/CWebApplication.php:286
Stack trace:
#0 /Users/dmitrij/www/projects/smartprocessing/framework/web/CWebApplication.php(141): CWebApplication->runController('js/jquery.min.m...')
#1 /Users/dmitrij/www/projects/smartprocessing/framework/base/CApplication.php(169): CWebApplication->processRequest()
#2 /Users/dmitrij/www/projects/smartprocessing/index.php(13): CApplication->run()
#3 {main}
REQUEST_URI=/js/jquery.min.map
HTTP_REFERER=http://localhost:8083/
---
2013/12/06 14:50:42 [error] [exception.CHttpException.404] exception 'CHttpException' with message 'Unable to resolve the request "js/jquery.min.map".' in /Users/dmitrij/www/projects/smartprocessing/framework/web/CWebApplication.php:286
Stack trace:
#0 /Users/dmitrij/www/projects/smartprocessing/framework/web/CWebApplication.php(141): CWebApplication->runController('js/jquery.min.m...')
#1 /Users/dmitrij/www/projects/smartprocessing/framework/base/CApplication.php(169): CWebApplication->processRequest()
#2 /Users/dmitrij/www/projects/smartprocessing/index.php(13): CApplication->run()
#3 {main}
REQUEST_URI=/js/jquery.min.map
HTTP_REFERER=http://localhost:8083/
---
2013/12/06 14:51:35 [error] [exception.CHttpException.404] exception 'CHttpException' with message 'Unable to resolve the request "js/jquery.min.map".' in /Users/dmitrij/www/projects/smartprocessing/framework/web/CWebApplication.php:286
Stack trace:
#0 /Users/dmitrij/www/projects/smartprocessing/framework/web/CWebApplication.php(141): CWebApplication->runController('js/jquery.min.m...')
#1 /Users/dmitrij/www/projects/smartprocessing/framework/base/CApplication.php(169): CWebApplication->processRequest()
#2 /Users/dmitrij/www/projects/smartprocessing/index.php(13): CApplication->run()
#3 {main}
REQUEST_URI=/js/jquery.min.map
HTTP_REFERER=http://localhost:8083/
---
2013/12/06 14:52:24 [error] [exception.CHttpException.404] exception 'CHttpException' with message 'Unable to resolve the request "js/jquery.min.map".' in /Users/dmitrij/www/projects/smartprocessing/framework/web/CWebApplication.php:286
Stack trace:
#0 /Users/dmitrij/www/projects/smartprocessing/framework/web/CWebApplication.php(141): CWebApplication->runController('js/jquery.min.m...')
#1 /Users/dmitrij/www/projects/smartprocessing/framework/base/CApplication.php(169): CWebApplication->processRequest()
#2 /Users/dmitrij/www/projects/smartprocessing/index.php(13): CApplication->run()
#3 {main}
REQUEST_URI=/js/jquery.min.map
HTTP_REFERER=http://localhost:8083/
---
2013/12/06 14:52:57 [error] [exception.CHttpException.404] exception 'CHttpException' with message 'Unable to resolve the request "js/jquery.min.map".' in /Users/dmitrij/www/projects/smartprocessing/framework/web/CWebApplication.php:286
Stack trace:
#0 /Users/dmitrij/www/projects/smartprocessing/framework/web/CWebApplication.php(141): CWebApplication->runController('js/jquery.min.m...')
#1 /Users/dmitrij/www/projects/smartprocessing/framework/base/CApplication.php(169): CWebApplication->processRequest()
#2 /Users/dmitrij/www/projects/smartprocessing/index.php(13): CApplication->run()
#3 {main}
REQUEST_URI=/js/jquery.min.map
HTTP_REFERER=http://localhost:8083/
---
2013/12/06 14:53:15 [error] [exception.CHttpException.404] exception 'CHttpException' with message 'Unable to resolve the request "js/jquery.min.map".' in /Users/dmitrij/www/projects/smartprocessing/framework/web/CWebApplication.php:286
Stack trace:
#0 /Users/dmitrij/www/projects/smartprocessing/framework/web/CWebApplication.php(141): CWebApplication->runController('js/jquery.min.m...')
#1 /Users/dmitrij/www/projects/smartprocessing/framework/base/CApplication.php(169): CWebApplication->processRequest()
#2 /Users/dmitrij/www/projects/smartprocessing/index.php(13): CApplication->run()
#3 {main}
REQUEST_URI=/js/jquery.min.map
HTTP_REFERER=http://localhost:8083/
---
2013/12/06 14:53:30 [error] [exception.CHttpException.404] exception 'CHttpException' with message 'Unable to resolve the request "js/jquery.min.map".' in /Users/dmitrij/www/projects/smartprocessing/framework/web/CWebApplication.php:286
Stack trace:
#0 /Users/dmitrij/www/projects/smartprocessing/framework/web/CWebApplication.php(141): CWebApplication->runController('js/jquery.min.m...')
#1 /Users/dmitrij/www/projects/smartprocessing/framework/base/CApplication.php(169): CWebApplication->processRequest()
#2 /Users/dmitrij/www/projects/smartprocessing/index.php(13): CApplication->run()
#3 {main}
REQUEST_URI=/js/jquery.min.map
HTTP_REFERER=http://localhost:8083/
---
2013/12/06 14:54:46 [error] [exception.CHttpException.404] exception 'CHttpException' with message 'Unable to resolve the request "js/jquery.min.map".' in /Users/dmitrij/www/projects/smartprocessing/framework/web/CWebApplication.php:286
Stack trace:
#0 /Users/dmitrij/www/projects/smartprocessing/framework/web/CWebApplication.php(141): CWebApplication->runController('js/jquery.min.m...')
#1 /Users/dmitrij/www/projects/smartprocessing/framework/base/CApplication.php(169): CWebApplication->processRequest()
#2 /Users/dmitrij/www/projects/smartprocessing/index.php(13): CApplication->run()
#3 {main}
REQUEST_URI=/js/jquery.min.map
HTTP_REFERER=http://localhost:8083/
---
2013/12/06 14:54:48 [error] [exception.CHttpException.404] exception 'CHttpException' with message 'Unable to resolve the request "js/jquery.min.map".' in /Users/dmitrij/www/projects/smartprocessing/framework/web/CWebApplication.php:286
Stack trace:
#0 /Users/dmitrij/www/projects/smartprocessing/framework/web/CWebApplication.php(141): CWebApplication->runController('js/jquery.min.m...')
#1 /Users/dmitrij/www/projects/smartprocessing/framework/base/CApplication.php(169): CWebApplication->processRequest()
#2 /Users/dmitrij/www/projects/smartprocessing/index.php(13): CApplication->run()
#3 {main}
REQUEST_URI=/js/jquery.min.map
HTTP_REFERER=http://localhost:8083/
---
2013/12/06 14:54:57 [error] [exception.CHttpException.404] exception 'CHttpException' with message 'Unable to resolve the request "js/jquery.min.map".' in /Users/dmitrij/www/projects/smartprocessing/framework/web/CWebApplication.php:286
Stack trace:
#0 /Users/dmitrij/www/projects/smartprocessing/framework/web/CWebApplication.php(141): CWebApplication->runController('js/jquery.min.m...')
#1 /Users/dmitrij/www/projects/smartprocessing/framework/base/CApplication.php(169): CWebApplication->processRequest()
#2 /Users/dmitrij/www/projects/smartprocessing/index.php(13): CApplication->run()
#3 {main}
REQUEST_URI=/js/jquery.min.map
HTTP_REFERER=http://localhost:8083/
---
2013/12/06 14:57:59 [error] [exception.CHttpException.404] exception 'CHttpException' with message 'Unable to resolve the request "js/jquery.min.map".' in /Users/dmitrij/www/projects/smartprocessing/framework/web/CWebApplication.php:286
Stack trace:
#0 /Users/dmitrij/www/projects/smartprocessing/framework/web/CWebApplication.php(141): CWebApplication->runController('js/jquery.min.m...')
#1 /Users/dmitrij/www/projects/smartprocessing/framework/base/CApplication.php(169): CWebApplication->processRequest()
#2 /Users/dmitrij/www/projects/smartprocessing/index.php(13): CApplication->run()
#3 {main}
REQUEST_URI=/js/jquery.min.map
HTTP_REFERER=http://localhost:8083/
---
2013/12/06 14:58:00 [error] [exception.CHttpException.404] exception 'CHttpException' with message 'Unable to resolve the request "js/jquery.min.map".' in /Users/dmitrij/www/projects/smartprocessing/framework/web/CWebApplication.php:286
Stack trace:
#0 /Users/dmitrij/www/projects/smartprocessing/framework/web/CWebApplication.php(141): CWebApplication->runController('js/jquery.min.m...')
#1 /Users/dmitrij/www/projects/smartprocessing/framework/base/CApplication.php(169): CWebApplication->processRequest()
#2 /Users/dmitrij/www/projects/smartprocessing/index.php(13): CApplication->run()
#3 {main}
REQUEST_URI=/js/jquery.min.map
HTTP_REFERER=http://localhost:8083/
---
2013/12/06 14:58:32 [error] [exception.CHttpException.404] exception 'CHttpException' with message 'Unable to resolve the request "js/jquery.min.map".' in /Users/dmitrij/www/projects/smartprocessing/framework/web/CWebApplication.php:286
Stack trace:
#0 /Users/dmitrij/www/projects/smartprocessing/framework/web/CWebApplication.php(141): CWebApplication->runController('js/jquery.min.m...')
#1 /Users/dmitrij/www/projects/smartprocessing/framework/base/CApplication.php(169): CWebApplication->processRequest()
#2 /Users/dmitrij/www/projects/smartprocessing/index.php(13): CApplication->run()
#3 {main}
REQUEST_URI=/js/jquery.min.map
HTTP_REFERER=http://localhost:8083/
---
2013/12/06 14:59:17 [error] [exception.CHttpException.404] exception 'CHttpException' with message 'Unable to resolve the request "js/jquery.min.map".' in /Users/dmitrij/www/projects/smartprocessing/framework/web/CWebApplication.php:286
Stack trace:
#0 /Users/dmitrij/www/projects/smartprocessing/framework/web/CWebApplication.php(141): CWebApplication->runController('js/jquery.min.m...')
#1 /Users/dmitrij/www/projects/smartprocessing/framework/base/CApplication.php(169): CWebApplication->processRequest()
#2 /Users/dmitrij/www/projects/smartprocessing/index.php(13): CApplication->run()
#3 {main}
REQUEST_URI=/js/jquery.min.map
HTTP_REFERER=http://localhost:8083/
---
2013/12/06 14:59:51 [error] [exception.CHttpException.404] exception 'CHttpException' with message 'Unable to resolve the request "js/jquery.min.map".' in /Users/dmitrij/www/projects/smartprocessing/framework/web/CWebApplication.php:286
Stack trace:
#0 /Users/dmitrij/www/projects/smartprocessing/framework/web/CWebApplication.php(141): CWebApplication->runController('js/jquery.min.m...')
#1 /Users/dmitrij/www/projects/smartprocessing/framework/base/CApplication.php(169): CWebApplication->processRequest()
#2 /Users/dmitrij/www/projects/smartprocessing/index.php(13): CApplication->run()
#3 {main}
REQUEST_URI=/js/jquery.min.map
HTTP_REFERER=http://localhost:8083/
---
2013/12/06 15:01:18 [error] [exception.CHttpException.404] exception 'CHttpException' with message 'Unable to resolve the request "js/jquery.min.map".' in /Users/dmitrij/www/projects/smartprocessing/framework/web/CWebApplication.php:286
Stack trace:
#0 /Users/dmitrij/www/projects/smartprocessing/framework/web/CWebApplication.php(141): CWebApplication->runController('js/jquery.min.m...')
#1 /Users/dmitrij/www/projects/smartprocessing/framework/base/CApplication.php(169): CWebApplication->processRequest()
#2 /Users/dmitrij/www/projects/smartprocessing/index.php(13): CApplication->run()
#3 {main}
REQUEST_URI=/js/jquery.min.map
HTTP_REFERER=http://localhost:8083/
---
2013/12/06 15:02:20 [error] [exception.CHttpException.404] exception 'CHttpException' with message 'Unable to resolve the request "js/jquery.min.map".' in /Users/dmitrij/www/projects/smartprocessing/framework/web/CWebApplication.php:286
Stack trace:
#0 /Users/dmitrij/www/projects/smartprocessing/framework/web/CWebApplication.php(141): CWebApplication->runController('js/jquery.min.m...')
#1 /Users/dmitrij/www/projects/smartprocessing/framework/base/CApplication.php(169): CWebApplication->processRequest()
#2 /Users/dmitrij/www/projects/smartprocessing/index.php(13): CApplication->run()
#3 {main}
REQUEST_URI=/js/jquery.min.map
HTTP_REFERER=http://localhost:8083/
---
2013/12/06 15:02:41 [error] [exception.CHttpException.404] exception 'CHttpException' with message 'Unable to resolve the request "js/jquery.min.map".' in /Users/dmitrij/www/projects/smartprocessing/framework/web/CWebApplication.php:286
Stack trace:
#0 /Users/dmitrij/www/projects/smartprocessing/framework/web/CWebApplication.php(141): CWebApplication->runController('js/jquery.min.m...')
#1 /Users/dmitrij/www/projects/smartprocessing/framework/base/CApplication.php(169): CWebApplication->processRequest()
#2 /Users/dmitrij/www/projects/smartprocessing/index.php(13): CApplication->run()
#3 {main}
REQUEST_URI=/js/jquery.min.map
HTTP_REFERER=http://localhost:8083/
---
2013/12/06 15:03:27 [error] [exception.CHttpException.404] exception 'CHttpException' with message 'Unable to resolve the request "js/jquery.min.map".' in /Users/dmitrij/www/projects/smartprocessing/framework/web/CWebApplication.php:286
Stack trace:
#0 /Users/dmitrij/www/projects/smartprocessing/framework/web/CWebApplication.php(141): CWebApplication->runController('js/jquery.min.m...')
#1 /Users/dmitrij/www/projects/smartprocessing/framework/base/CApplication.php(169): CWebApplication->processRequest()
#2 /Users/dmitrij/www/projects/smartprocessing/index.php(13): CApplication->run()
#3 {main}
REQUEST_URI=/js/jquery.min.map
HTTP_REFERER=http://localhost:8083/
---
2013/12/06 15:05:32 [error] [exception.CHttpException.404] exception 'CHttpException' with message 'Unable to resolve the request "js/jquery.min.map".' in /Users/dmitrij/www/projects/smartprocessing/framework/web/CWebApplication.php:286
Stack trace:
#0 /Users/dmitrij/www/projects/smartprocessing/framework/web/CWebApplication.php(141): CWebApplication->runController('js/jquery.min.m...')
#1 /Users/dmitrij/www/projects/smartprocessing/framework/base/CApplication.php(169): CWebApplication->processRequest()
#2 /Users/dmitrij/www/projects/smartprocessing/index.php(13): CApplication->run()
#3 {main}
REQUEST_URI=/js/jquery.min.map
HTTP_REFERER=http://localhost:8083/
---
2013/12/06 15:05:45 [error] [exception.CHttpException.404] exception 'CHttpException' with message 'Unable to resolve the request "js/jquery.min.map".' in /Users/dmitrij/www/projects/smartprocessing/framework/web/CWebApplication.php:286
Stack trace:
#0 /Users/dmitrij/www/projects/smartprocessing/framework/web/CWebApplication.php(141): CWebApplication->runController('js/jquery.min.m...')
#1 /Users/dmitrij/www/projects/smartprocessing/framework/base/CApplication.php(169): CWebApplication->processRequest()
#2 /Users/dmitrij/www/projects/smartprocessing/index.php(13): CApplication->run()
#3 {main}
REQUEST_URI=/js/jquery.min.map
HTTP_REFERER=http://localhost:8083/
---
2013/12/06 15:08:20 [error] [exception.CHttpException.503] exception 'CHttpException' with message 'Invalid request.' in /Users/dmitrij/www/projects/smartprocessing/protected/components/Controller.php:62
Stack trace:
#0 /Users/dmitrij/www/projects/smartprocessing/protected/controllers/MeetingController.php(29): Controller->show503()
#1 /Users/dmitrij/www/projects/smartprocessing/framework/web/actions/CInlineAction.php(49): MeetingController->actionAll()
#2 /Users/dmitrij/www/projects/smartprocessing/framework/web/CController.php(308): CInlineAction->runWithParams(Array)
#3 /Users/dmitrij/www/projects/smartprocessing/framework/web/CController.php(286): CController->runAction(Object(CInlineAction))
#4 /Users/dmitrij/www/projects/smartprocessing/framework/web/CController.php(265): CController->runActionWithFilters(Object(CInlineAction), Array)
#5 /Users/dmitrij/www/projects/smartprocessing/framework/web/CWebApplication.php(282): CController->run('all')
#6 /Users/dmitrij/www/projects/smartprocessing/framework/web/CWebApplication.php(141): CWebApplication->runController('meeting/all')
#7 /Users/dmitrij/www/projects/smartprocessing/framework/base/CApplication.php(169): CWebApplication->processRequest()
#8 /Users/dmitrij/www/projects/smartprocessing/index.php(13): CApplication->run()
#9 {main}
REQUEST_URI=/meeting/all?start=1385841600&end=1389470400&_=1386328100134
HTTP_REFERER=http://localhost:8083/
---
2013/12/06 15:08:20 [error] [exception.CHttpException.404] exception 'CHttpException' with message 'Unable to resolve the request "js/jquery.min.map".' in /Users/dmitrij/www/projects/smartprocessing/framework/web/CWebApplication.php:286
Stack trace:
#0 /Users/dmitrij/www/projects/smartprocessing/framework/web/CWebApplication.php(141): CWebApplication->runController('js/jquery.min.m...')
#1 /Users/dmitrij/www/projects/smartprocessing/framework/base/CApplication.php(169): CWebApplication->processRequest()
#2 /Users/dmitrij/www/projects/smartprocessing/index.php(13): CApplication->run()
#3 {main}
REQUEST_URI=/js/jquery.min.map
HTTP_REFERER=http://localhost:8083/
---
2013/12/06 15:09:55 [error] [exception.CHttpException.503] exception 'CHttpException' with message 'Invalid request.' in /Users/dmitrij/www/projects/smartprocessing/protected/components/Controller.php:62
Stack trace:
#0 /Users/dmitrij/www/projects/smartprocessing/protected/controllers/MeetingController.php(26): Controller->show503()
#1 [internal function]: MeetingController->actionAll('1385841600', '1389470400', '1386328195469')
#2 /Users/dmitrij/www/projects/smartprocessing/framework/web/actions/CAction.php(108): ReflectionMethod->invokeArgs(Object(MeetingController), Array)
#3 /Users/dmitrij/www/projects/smartprocessing/framework/web/actions/CInlineAction.php(47): CAction->runWithParamsInternal(Object(MeetingController), Object(ReflectionMethod), Array)
#4 /Users/dmitrij/www/projects/smartprocessing/framework/web/CController.php(308): CInlineAction->runWithParams(Array)
#5 /Users/dmitrij/www/projects/smartprocessing/framework/web/CController.php(286): CController->runAction(Object(CInlineAction))
#6 /Users/dmitrij/www/projects/smartprocessing/framework/web/CController.php(265): CController->runActionWithFilters(Object(CInlineAction), Array)
#7 /Users/dmitrij/www/projects/smartprocessing/framework/web/CWebApplication.php(282): CController->run('all')
#8 /Users/dmitrij/www/projects/smartprocessing/framework/web/CWebApplication.php(141): CWebApplication->runController('meeting/all')
#9 /Users/dmitrij/www/projects/smartprocessing/framework/base/CApplication.php(169): CWebApplication->processRequest()
#10 /Users/dmitrij/www/projects/smartprocessing/index.php(13): CApplication->run()
#11 {main}
REQUEST_URI=/meeting/all?start=1385841600&end=1389470400&_=1386328195469
HTTP_REFERER=http://localhost:8083/
---
2013/12/06 15:09:55 [error] [exception.CHttpException.404] exception 'CHttpException' with message 'Unable to resolve the request "js/jquery.min.map".' in /Users/dmitrij/www/projects/smartprocessing/framework/web/CWebApplication.php:286
Stack trace:
#0 /Users/dmitrij/www/projects/smartprocessing/framework/web/CWebApplication.php(141): CWebApplication->runController('js/jquery.min.m...')
#1 /Users/dmitrij/www/projects/smartprocessing/framework/base/CApplication.php(169): CWebApplication->processRequest()
#2 /Users/dmitrij/www/projects/smartprocessing/index.php(13): CApplication->run()
#3 {main}
REQUEST_URI=/js/jquery.min.map
HTTP_REFERER=http://localhost:8083/
---
2013/12/06 15:10:17 [error] [php] Undefined index: start (/Users/dmitrij/www/projects/smartprocessing/protected/controllers/MeetingController.php:10)
Stack trace:
#0 /Users/dmitrij/www/projects/smartprocessing/framework/web/actions/CInlineAction.php(47): CInlineAction->runWithParamsInternal()
#1 /Users/dmitrij/www/projects/smartprocessing/framework/web/CController.php(308): CInlineAction->runWithParams()
#2 /Users/dmitrij/www/projects/smartprocessing/framework/web/CController.php(286): MeetingController->runAction()
#3 /Users/dmitrij/www/projects/smartprocessing/framework/web/CController.php(265): MeetingController->runActionWithFilters()
#4 /Users/dmitrij/www/projects/smartprocessing/framework/web/CWebApplication.php(282): MeetingController->run()
#5 /Users/dmitrij/www/projects/smartprocessing/framework/web/CWebApplication.php(141): CWebApplication->runController()
#6 /Users/dmitrij/www/projects/smartprocessing/framework/base/CApplication.php(169): CWebApplication->processRequest()
#7 /Users/dmitrij/www/projects/smartprocessing/index.php(13): CWebApplication->run()
REQUEST_URI=/meeting/all?start=1385841600&end=1389470400&_=1386328217773
in /Users/dmitrij/www/projects/smartprocessing/protected/controllers/MeetingController.php (10)
in /Users/dmitrij/www/projects/smartprocessing/index.php (13)
2013/12/06 15:10:17 [error] [exception.CHttpException.404] exception 'CHttpException' with message 'Unable to resolve the request "js/jquery.min.map".' in /Users/dmitrij/www/projects/smartprocessing/framework/web/CWebApplication.php:286
Stack trace:
#0 /Users/dmitrij/www/projects/smartprocessing/framework/web/CWebApplication.php(141): CWebApplication->runController('js/jquery.min.m...')
#1 /Users/dmitrij/www/projects/smartprocessing/framework/base/CApplication.php(169): CWebApplication->processRequest()
#2 /Users/dmitrij/www/projects/smartprocessing/index.php(13): CApplication->run()
#3 {main}
REQUEST_URI=/js/jquery.min.map
HTTP_REFERER=http://localhost:8083/
---
2013/12/06 15:10:48 [error] [exception.CHttpException.404] exception 'CHttpException' with message 'Unable to resolve the request "js/jquery.min.map".' in /Users/dmitrij/www/projects/smartprocessing/framework/web/CWebApplication.php:286
Stack trace:
#0 /Users/dmitrij/www/projects/smartprocessing/framework/web/CWebApplication.php(141): CWebApplication->runController('js/jquery.min.m...')
#1 /Users/dmitrij/www/projects/smartprocessing/framework/base/CApplication.php(169): CWebApplication->processRequest()
#2 /Users/dmitrij/www/projects/smartprocessing/index.php(13): CApplication->run()
#3 {main}
REQUEST_URI=/js/jquery.min.map
HTTP_REFERER=http://localhost:8083/
---
2013/12/06 15:11:14 [error] [exception.CHttpException.404] exception 'CHttpException' with message 'Unable to resolve the request "js/jquery.min.map".' in /Users/dmitrij/www/projects/smartprocessing/framework/web/CWebApplication.php:286
Stack trace:
#0 /Users/dmitrij/www/projects/smartprocessing/framework/web/CWebApplication.php(141): CWebApplication->runController('js/jquery.min.m...')
#1 /Users/dmitrij/www/projects/smartprocessing/framework/base/CApplication.php(169): CWebApplication->processRequest()
#2 /Users/dmitrij/www/projects/smartprocessing/index.php(13): CApplication->run()
#3 {main}
REQUEST_URI=/js/jquery.min.map
HTTP_REFERER=http://localhost:8083/
---
2013/12/06 15:11:50 [error] [exception.CHttpException.404] exception 'CHttpException' with message 'Unable to resolve the request "js/jquery.min.map".' in /Users/dmitrij/www/projects/smartprocessing/framework/web/CWebApplication.php:286
Stack trace:
#0 /Users/dmitrij/www/projects/smartprocessing/framework/web/CWebApplication.php(141): CWebApplication->runController('js/jquery.min.m...')
#1 /Users/dmitrij/www/projects/smartprocessing/framework/base/CApplication.php(169): CWebApplication->processRequest()
#2 /Users/dmitrij/www/projects/smartprocessing/index.php(13): CApplication->run()
#3 {main}
REQUEST_URI=/js/jquery.min.map
HTTP_REFERER=http://localhost:8083/
---
2013/12/06 15:12:54 [error] [exception.CHttpException.404] exception 'CHttpException' with message 'Unable to resolve the request "js/jquery.min.map".' in /Users/dmitrij/www/projects/smartprocessing/framework/web/CWebApplication.php:286
Stack trace:
#0 /Users/dmitrij/www/projects/smartprocessing/framework/web/CWebApplication.php(141): CWebApplication->runController('js/jquery.min.m...')
#1 /Users/dmitrij/www/projects/smartprocessing/framework/base/CApplication.php(169): CWebApplication->processRequest()
#2 /Users/dmitrij/www/projects/smartprocessing/index.php(13): CApplication->run()
#3 {main}
REQUEST_URI=/js/jquery.min.map
HTTP_REFERER=http://localhost:8083/
---
2013/12/06 15:20:54 [error] [exception.CHttpException.404] exception 'CHttpException' with message 'Unable to resolve the request "js/jquery.min.map".' in /Users/dmitrij/www/projects/smartprocessing/framework/web/CWebApplication.php:286
Stack trace:
#0 /Users/dmitrij/www/projects/smartprocessing/framework/web/CWebApplication.php(141): CWebApplication->runController('js/jquery.min.m...')
#1 /Users/dmitrij/www/projects/smartprocessing/framework/base/CApplication.php(169): CWebApplication->processRequest()
#2 /Users/dmitrij/www/projects/smartprocessing/index.php(13): CApplication->run()
#3 {main}
REQUEST_URI=/js/jquery.min.map
HTTP_REFERER=http://localhost:8083/
---
2013/12/06 15:21:00 [error] [exception.CHttpException.404] exception 'CHttpException' with message 'Unable to resolve the request "js/jquery.min.map".' in /Users/dmitrij/www/projects/smartprocessing/framework/web/CWebApplication.php:286
Stack trace:
#0 /Users/dmitrij/www/projects/smartprocessing/framework/web/CWebApplication.php(141): CWebApplication->runController('js/jquery.min.m...')
#1 /Users/dmitrij/www/projects/smartprocessing/framework/base/CApplication.php(169): CWebApplication->processRequest()
#2 /Users/dmitrij/www/projects/smartprocessing/index.php(13): CApplication->run()
#3 {main}
REQUEST_URI=/js/jquery.min.map
HTTP_REFERER=http://localhost:8083/
---
2013/12/06 15:21:43 [error] [exception.CHttpException.404] exception 'CHttpException' with message 'Unable to resolve the request "js/jquery.min.map".' in /Users/dmitrij/www/projects/smartprocessing/framework/web/CWebApplication.php:286
Stack trace:
#0 /Users/dmitrij/www/projects/smartprocessing/framework/web/CWebApplication.php(141): CWebApplication->runController('js/jquery.min.m...')
#1 /Users/dmitrij/www/projects/smartprocessing/framework/base/CApplication.php(169): CWebApplication->processRequest()
#2 /Users/dmitrij/www/projects/smartprocessing/index.php(13): CApplication->run()
#3 {main}
REQUEST_URI=/js/jquery.min.map
HTTP_REFERER=http://localhost:8083/
---
2013/12/06 15:21:49 [error] [exception.CHttpException.404] exception 'CHttpException' with message 'Unable to resolve the request "js/jquery.min.map".' in /Users/dmitrij/www/projects/smartprocessing/framework/web/CWebApplication.php:286
Stack trace:
#0 /Users/dmitrij/www/projects/smartprocessing/framework/web/CWebApplication.php(141): CWebApplication->runController('js/jquery.min.m...')
#1 /Users/dmitrij/www/projects/smartprocessing/framework/base/CApplication.php(169): CWebApplication->processRequest()
#2 /Users/dmitrij/www/projects/smartprocessing/index.php(13): CApplication->run()
#3 {main}
REQUEST_URI=/js/jquery.min.map
HTTP_REFERER=http://localhost:8083/
---
2013/12/06 15:32:08 [error] [exception.CHttpException.404] exception 'CHttpException' with message 'Unable to resolve the request "js/jquery.min.map".' in /Users/dmitrij/www/projects/smartprocessing/framework/web/CWebApplication.php:286
Stack trace:
#0 /Users/dmitrij/www/projects/smartprocessing/framework/web/CWebApplication.php(141): CWebApplication->runController('js/jquery.min.m...')
#1 /Users/dmitrij/www/projects/smartprocessing/framework/base/CApplication.php(169): CWebApplication->processRequest()
#2 /Users/dmitrij/www/projects/smartprocessing/index.php(13): CApplication->run()
#3 {main}
REQUEST_URI=/js/jquery.min.map
HTTP_REFERER=http://localhost:8083/
---
2013/12/06 15:33:17 [error] [exception.CHttpException.404] exception 'CHttpException' with message 'Unable to resolve the request "js/jquery.min.map".' in /Users/dmitrij/www/projects/smartprocessing/framework/web/CWebApplication.php:286
Stack trace:
#0 /Users/dmitrij/www/projects/smartprocessing/framework/web/CWebApplication.php(141): CWebApplication->runController('js/jquery.min.m...')
#1 /Users/dmitrij/www/projects/smartprocessing/framework/base/CApplication.php(169): CWebApplication->processRequest()
#2 /Users/dmitrij/www/projects/smartprocessing/index.php(13): CApplication->run()
#3 {main}
REQUEST_URI=/js/jquery.min.map
HTTP_REFERER=http://localhost:8083/
---
2013/12/06 15:35:07 [error] [exception.CHttpException.404] exception 'CHttpException' with message 'Unable to resolve the request "js/jquery.min.map".' in /Users/dmitrij/www/projects/smartprocessing/framework/web/CWebApplication.php:286
Stack trace:
#0 /Users/dmitrij/www/projects/smartprocessing/framework/web/CWebApplication.php(141): CWebApplication->runController('js/jquery.min.m...')
#1 /Users/dmitrij/www/projects/smartprocessing/framework/base/CApplication.php(169): CWebApplication->processRequest()
#2 /Users/dmitrij/www/projects/smartprocessing/index.php(13): CApplication->run()
#3 {main}
REQUEST_URI=/js/jquery.min.map
HTTP_REFERER=http://localhost:8083/
---
2013/12/06 15:39:18 [error] [exception.CHttpException.404] exception 'CHttpException' with message 'Unable to resolve the request "js/jquery.min.map".' in /Users/dmitrij/www/projects/smartprocessing/framework/web/CWebApplication.php:286
Stack trace:
#0 /Users/dmitrij/www/projects/smartprocessing/framework/web/CWebApplication.php(141): CWebApplication->runController('js/jquery.min.m...')
#1 /Users/dmitrij/www/projects/smartprocessing/framework/base/CApplication.php(169): CWebApplication->processRequest()
#2 /Users/dmitrij/www/projects/smartprocessing/index.php(13): CApplication->run()
#3 {main}
REQUEST_URI=/js/jquery.min.map
HTTP_REFERER=http://localhost:8083/
---
2013/12/06 17:31:50 [error] [exception.CHttpException.404] exception 'CHttpException' with message 'Unable to resolve the request "message/delete/id/event.id".' in /Users/dmitrij/www/projects/smartprocessing/framework/web/CWebApplication.php:286
Stack trace:
#0 /Users/dmitrij/www/projects/smartprocessing/framework/web/CWebApplication.php(141): CWebApplication->runController('message/delete/...')
#1 /Users/dmitrij/www/projects/smartprocessing/framework/base/CApplication.php(169): CWebApplication->processRequest()
#2 /Users/dmitrij/www/projects/smartprocessing/index.php(13): CApplication->run()
#3 {main}
REQUEST_URI=/message/delete/id/event.id
HTTP_REFERER=http://localhost:8083/
---
2013/12/06 17:32:04 [error] [exception.CHttpException.404] exception 'CHttpException' with message 'Unable to resolve the request "message/delete/id/5".' in /Users/dmitrij/www/projects/smartprocessing/framework/web/CWebApplication.php:286
Stack trace:
#0 /Users/dmitrij/www/projects/smartprocessing/framework/web/CWebApplication.php(141): CWebApplication->runController('message/delete/...')
#1 /Users/dmitrij/www/projects/smartprocessing/framework/base/CApplication.php(169): CWebApplication->processRequest()
#2 /Users/dmitrij/www/projects/smartprocessing/index.php(13): CApplication->run()
#3 {main}
REQUEST_URI=/message/delete/id/5
HTTP_REFERER=http://localhost:8083/
---
2013/12/06 17:32:24 [error] [php] include(Message.php) [<a href='function.include'>function.include</a>]: failed to open stream: No such file or directory (/Users/dmitrij/www/projects/smartprocessing/framework/YiiBase.php:421)
Stack trace:
#0 /Users/dmitrij/www/projects/smartprocessing/protected/controllers/MeetingController.php(42): spl_autoload_call()
#1 unknown(0): MeetingController->actionDelete()
#2 /Users/dmitrij/www/projects/smartprocessing/framework/web/actions/CAction.php(108): ReflectionMethod->invokeArgs()
#3 /Users/dmitrij/www/projects/smartprocessing/framework/web/actions/CInlineAction.php(47): CInlineAction->runWithParamsInternal()
#4 /Users/dmitrij/www/projects/smartprocessing/framework/web/CController.php(308): CInlineAction->runWithParams()
#5 /Users/dmitrij/www/projects/smartprocessing/framework/web/CController.php(286): MeetingController->runAction()
#6 /Users/dmitrij/www/projects/smartprocessing/framework/web/CController.php(265): MeetingController->runActionWithFilters()
#7 /Users/dmitrij/www/projects/smartprocessing/framework/web/CWebApplication.php(282): MeetingController->run()
#8 /Users/dmitrij/www/projects/smartprocessing/framework/web/CWebApplication.php(141): CWebApplication->runController()
#9 /Users/dmitrij/www/projects/smartprocessing/framework/base/CApplication.php(169): CWebApplication->processRequest()
#10 /Users/dmitrij/www/projects/smartprocessing/index.php(13): CWebApplication->run()
REQUEST_URI=/meeting/delete/id/5
in /Users/dmitrij/www/projects/smartprocessing/protected/controllers/MeetingController.php (42)
in /Users/dmitrij/www/projects/smartprocessing/index.php (13)
2013/12/06 18:40:15 [error] [php] Undefined index: start (/Users/dmitrij/www/projects/smartprocessing/protected/controllers/MeetingController.php:22)
Stack trace:
#0 /Users/dmitrij/www/projects/smartprocessing/framework/web/CController.php(286): MeetingController->runAction()
#1 /Users/dmitrij/www/projects/smartprocessing/framework/web/CController.php(265): MeetingController->runActionWithFilters()
#2 /Users/dmitrij/www/projects/smartprocessing/framework/web/CWebApplication.php(282): MeetingController->run()
#3 /Users/dmitrij/www/projects/smartprocessing/framework/web/CWebApplication.php(141): CWebApplication->runController()
#4 /Users/dmitrij/www/projects/smartprocessing/framework/base/CApplication.php(169): CWebApplication->processRequest()
#5 /Users/dmitrij/www/projects/smartprocessing/index.php(13): CWebApplication->run()
REQUEST_URI=/meeting/create
in /Users/dmitrij/www/projects/smartprocessing/protected/controllers/MeetingController.php (22)
in /Users/dmitrij/www/projects/smartprocessing/index.php (13)
2013/12/06 18:40:47 [error] [php] Undefined index: start (/Users/dmitrij/www/projects/smartprocessing/protected/controllers/MeetingController.php:22)
Stack trace:
#0 /Users/dmitrij/www/projects/smartprocessing/framework/web/CController.php(286): MeetingController->runAction()
#1 /Users/dmitrij/www/projects/smartprocessing/framework/web/CController.php(265): MeetingController->runActionWithFilters()
#2 /Users/dmitrij/www/projects/smartprocessing/framework/web/CWebApplication.php(282): MeetingController->run()
#3 /Users/dmitrij/www/projects/smartprocessing/framework/web/CWebApplication.php(141): CWebApplication->runController()
#4 /Users/dmitrij/www/projects/smartprocessing/framework/base/CApplication.php(169): CWebApplication->processRequest()
#5 /Users/dmitrij/www/projects/smartprocessing/index.php(13): CWebApplication->run()
REQUEST_URI=/meeting/create
in /Users/dmitrij/www/projects/smartprocessing/protected/controllers/MeetingController.php (22)
in /Users/dmitrij/www/projects/smartprocessing/index.php (13)
2013/12/06 18:40:52 [error] [php] Undefined index: start (/Users/dmitrij/www/projects/smartprocessing/protected/controllers/MeetingController.php:22)
Stack trace:
#0 /Users/dmitrij/www/projects/smartprocessing/framework/web/CController.php(286): MeetingController->runAction()
#1 /Users/dmitrij/www/projects/smartprocessing/framework/web/CController.php(265): MeetingController->runActionWithFilters()
#2 /Users/dmitrij/www/projects/smartprocessing/framework/web/CWebApplication.php(282): MeetingController->run()
#3 /Users/dmitrij/www/projects/smartprocessing/framework/web/CWebApplication.php(141): CWebApplication->runController()
#4 /Users/dmitrij/www/projects/smartprocessing/framework/base/CApplication.php(169): CWebApplication->processRequest()
#5 /Users/dmitrij/www/projects/smartprocessing/index.php(13): CWebApplication->run()
REQUEST_URI=/meeting/create
in /Users/dmitrij/www/projects/smartprocessing/protected/controllers/MeetingController.php (22)
in /Users/dmitrij/www/projects/smartprocessing/index.php (13)
2013/12/06 18:46:00 [error] [php] Undefined index: name (/Users/dmitrij/www/projects/smartprocessing/protected/controllers/MeetingController.php:47)
Stack trace:
#0 /Users/dmitrij/www/projects/smartprocessing/framework/web/actions/CInlineAction.php(47): CInlineAction->runWithParamsInternal()
#1 /Users/dmitrij/www/projects/smartprocessing/framework/web/CController.php(308): CInlineAction->runWithParams()
#2 /Users/dmitrij/www/projects/smartprocessing/framework/web/CController.php(286): MeetingController->runAction()
#3 /Users/dmitrij/www/projects/smartprocessing/framework/web/CController.php(265): MeetingController->runActionWithFilters()
#4 /Users/dmitrij/www/projects/smartprocessing/framework/web/CWebApplication.php(282): MeetingController->run()
#5 /Users/dmitrij/www/projects/smartprocessing/framework/web/CWebApplication.php(141): CWebApplication->runController()
#6 /Users/dmitrij/www/projects/smartprocessing/framework/base/CApplication.php(169): CWebApplication->processRequest()
#7 /Users/dmitrij/www/projects/smartprocessing/index.php(13): CWebApplication->run()
REQUEST_URI=/meeting/update/id/16
in /Users/dmitrij/www/projects/smartprocessing/protected/controllers/MeetingController.php (47)
in /Users/dmitrij/www/projects/smartprocessing/index.php (13)
2013/12/06 18:46:09 [error] [php] Undefined index: name (/Users/dmitrij/www/projects/smartprocessing/protected/controllers/MeetingController.php:47)
Stack trace:
#0 /Users/dmitrij/www/projects/smartprocessing/framework/web/actions/CInlineAction.php(47): CInlineAction->runWithParamsInternal()
#1 /Users/dmitrij/www/projects/smartprocessing/framework/web/CController.php(308): CInlineAction->runWithParams()
#2 /Users/dmitrij/www/projects/smartprocessing/framework/web/CController.php(286): MeetingController->runAction()
#3 /Users/dmitrij/www/projects/smartprocessing/framework/web/CController.php(265): MeetingController->runActionWithFilters()
#4 /Users/dmitrij/www/projects/smartprocessing/framework/web/CWebApplication.php(282): MeetingController->run()
#5 /Users/dmitrij/www/projects/smartprocessing/framework/web/CWebApplication.php(141): CWebApplication->runController()
#6 /Users/dmitrij/www/projects/smartprocessing/framework/base/CApplication.php(169): CWebApplication->processRequest()
#7 /Users/dmitrij/www/projects/smartprocessing/index.php(13): CWebApplication->run()
REQUEST_URI=/meeting/update/id/16
in /Users/dmitrij/www/projects/smartprocessing/protected/controllers/MeetingController.php (47)
in /Users/dmitrij/www/projects/smartprocessing/index.php (13)
2013/12/06 18:48:06 [error] [exception.CException] exception 'CException' with message 'Property "Meeting.name" is not defined.' in /Users/dmitrij/www/projects/smartprocessing/framework/base/CComponent.php:173
Stack trace:
#0 /Users/dmitrij/www/projects/smartprocessing/framework/db/ar/CActiveRecord.php(159): CComponent->__set('name', 'New Title')
#1 /Users/dmitrij/www/projects/smartprocessing/protected/controllers/MeetingController.php(21): CActiveRecord->__set('name', 'New Title')
#2 /Users/dmitrij/www/projects/smartprocessing/framework/web/actions/CInlineAction.php(49): MeetingController->actionCreate()
#3 /Users/dmitrij/www/projects/smartprocessing/framework/web/CController.php(308): CInlineAction->runWithParams(Array)
#4 /Users/dmitrij/www/projects/smartprocessing/framework/web/CController.php(286): CController->runAction(Object(CInlineAction))
#5 /Users/dmitrij/www/projects/smartprocessing/framework/web/CController.php(265): CController->runActionWithFilters(Object(CInlineAction), Array)
#6 /Users/dmitrij/www/projects/smartprocessing/framework/web/CWebApplication.php(282): CController->run('create')
#7 /Users/dmitrij/www/projects/smartprocessing/framework/web/CWebApplication.php(141): CWebApplication->runController('meeting/create')
#8 /Users/dmitrij/www/projects/smartprocessing/framework/base/CApplication.php(169): CWebApplication->processRequest()
#9 /Users/dmitrij/www/projects/smartprocessing/index.php(13): CApplication->run()
#10 {main}
REQUEST_URI=/meeting/create
HTTP_REFERER=http://localhost:8083/
---
2013/12/06 19:27:29 [error] [system.db.CDbCommand] CDbCommand::fetchAll() failed: SQLSTATE[42000]: Syntax error or access violation: 1064 You have an error in your SQL syntax; check the manual that corresponds to your MySQL server version for the right syntax to use near '== 1385928000 AND `t`.`finished_at` == 1385928000)' at line 1. The SQL statement executed was: SELECT * FROM `scheduler_meetings` `t` WHERE (`t`.`started_at` <  1385928000 AND `t`.`finished_at` < 1385928000) OR (`t`.`started_at` < 1385928000 AND `t`.`finished_at` < 1385928000) OR (`t`.`started_at` == 1385928000 AND `t`.`finished_at` == 1385928000).
in /Users/dmitrij/www/projects/smartprocessing/protected/controllers/MeetingController.php (54)
in /Users/dmitrij/www/projects/smartprocessing/protected/controllers/MeetingController.php (26)
in /Users/dmitrij/www/projects/smartprocessing/index.php (13)
2013/12/06 19:27:29 [error] [exception.CDbException] exception 'CDbException' with message 'CDbCommand failed to execute the SQL statement: SQLSTATE[42000]: Syntax error or access violation: 1064 You have an error in your SQL syntax; check the manual that corresponds to your MySQL server version for the right syntax to use near '== 1385928000 AND `t`.`finished_at` == 1385928000)' at line 1. The SQL statement executed was: SELECT * FROM `scheduler_meetings` `t` WHERE (`t`.`started_at` <  1385928000 AND `t`.`finished_at` < 1385928000) OR (`t`.`started_at` < 1385928000 AND `t`.`finished_at` < 1385928000) OR (`t`.`started_at` == 1385928000 AND `t`.`finished_at` == 1385928000)' in /Users/dmitrij/www/projects/smartprocessing/framework/db/CDbCommand.php:541
Stack trace:
#0 /Users/dmitrij/www/projects/smartprocessing/framework/db/CDbCommand.php(395): CDbCommand->queryInternal('fetchAll', Array, Array)
#1 /Users/dmitrij/www/projects/smartprocessing/framework/db/ar/CActiveRecord.php(1297): CDbCommand->queryAll()
#2 /Users/dmitrij/www/projects/smartprocessing/framework/db/ar/CActiveRecord.php(1416): CActiveRecord->query(Object(CDbCriteria), true)
#3 /Users/dmitrij/www/projects/smartprocessing/protected/controllers/MeetingController.php(54): CActiveRecord->findAll('(`t`.`started_a...')
#4 /Users/dmitrij/www/projects/smartprocessing/protected/controllers/MeetingController.php(26): MeetingController->_checkForIntersections(Object(Meeting))
#5 /Users/dmitrij/www/projects/smartprocessing/framework/web/actions/CInlineAction.php(49): MeetingController->actionCreate()
#6 /Users/dmitrij/www/projects/smartprocessing/framework/web/CController.php(308): CInlineAction->runWithParams(Array)
#7 /Users/dmitrij/www/projects/smartprocessing/framework/web/CController.php(286): CController->runAction(Object(CInlineAction))
#8 /Users/dmitrij/www/projects/smartprocessing/framework/web/CController.php(265): CController->runActionWithFilters(Object(CInlineAction), Array)
#9 /Users/dmitrij/www/projects/smartprocessing/framework/web/CWebApplication.php(282): CController->run('create')
#10 /Users/dmitrij/www/projects/smartprocessing/framework/web/CWebApplication.php(141): CWebApplication->runController('meeting/create')
#11 /Users/dmitrij/www/projects/smartprocessing/framework/base/CApplication.php(169): CWebApplication->processRequest()
#12 /Users/dmitrij/www/projects/smartprocessing/index.php(13): CApplication->run()
#13 {main}
REQUEST_URI=/meeting/create
HTTP_REFERER=http://localhost:8083/
---
2013/12/06 19:36:27 [error] [php] Invalid argument supplied for foreach() (/Users/dmitrij/www/projects/smartprocessing/protected/controllers/MeetingController.php:29)
Stack trace:
#0 /Users/dmitrij/www/projects/smartprocessing/framework/web/CController.php(286): MeetingController->runAction()
#1 /Users/dmitrij/www/projects/smartprocessing/framework/web/CController.php(265): MeetingController->runActionWithFilters()
#2 /Users/dmitrij/www/projects/smartprocessing/framework/web/CWebApplication.php(282): MeetingController->run()
#3 /Users/dmitrij/www/projects/smartprocessing/framework/web/CWebApplication.php(141): CWebApplication->runController()
#4 /Users/dmitrij/www/projects/smartprocessing/framework/base/CApplication.php(169): CWebApplication->processRequest()
#5 /Users/dmitrij/www/projects/smartprocessing/index.php(13): CWebApplication->run()
REQUEST_URI=/meeting/create
in /Users/dmitrij/www/projects/smartprocessing/protected/controllers/MeetingController.php (29)
in /Users/dmitrij/www/projects/smartprocessing/index.php (13)
2013/12/06 21:12:17 [error] [system.db.CDbCommand] CDbCommand::fetchColumn() failed: SQLSTATE[42000]: Syntax error or access violation: 1064 You have an error in your SQL syntax; check the manual that corresponds to your MySQL server version for the right syntax to use near ')' at line 1. The SQL statement executed was: SELECT COUNT(*) FROM `scheduler_meetings` `t` WHERE `t`.`type` = 1 AND ((`t`.`started_at` <  1386014400 AND `t`.`finished_at` < 1386014400) OR (`t`.`started_at` < 1386014400 AND `t`.`finished_at` < 1386014400) OR (`t`.`started_at` = 1386014400 AND `t`.`finished_at` = 1386014400)) AND `t`.`id` NOT IN ().
in /Users/dmitrij/www/projects/smartprocessing/protected/controllers/MeetingController.php (98)
in /Users/dmitrij/www/projects/smartprocessing/protected/controllers/MeetingController.php (62)
in /Users/dmitrij/www/projects/smartprocessing/protected/controllers/MeetingController.php (19)
2013/12/06 21:12:17 [error] [exception.CDbException] exception 'CDbException' with message 'CDbCommand failed to execute the SQL statement: SQLSTATE[42000]: Syntax error or access violation: 1064 You have an error in your SQL syntax; check the manual that corresponds to your MySQL server version for the right syntax to use near ')' at line 1. The SQL statement executed was: SELECT COUNT(*) FROM `scheduler_meetings` `t` WHERE `t`.`type` = 1 AND ((`t`.`started_at` <  1386014400 AND `t`.`finished_at` < 1386014400) OR (`t`.`started_at` < 1386014400 AND `t`.`finished_at` < 1386014400) OR (`t`.`started_at` = 1386014400 AND `t`.`finished_at` = 1386014400)) AND `t`.`id` NOT IN ()' in /Users/dmitrij/www/projects/smartprocessing/framework/db/CDbCommand.php:541
Stack trace:
#0 /Users/dmitrij/www/projects/smartprocessing/framework/db/CDbCommand.php(432): CDbCommand->queryInternal('fetchColumn', 0, Array)
#1 /Users/dmitrij/www/projects/smartprocessing/framework/db/ar/CActiveRecord.php(1546): CDbCommand->queryScalar()
#2 /Users/dmitrij/www/projects/smartprocessing/protected/controllers/MeetingController.php(98): CActiveRecord->count('`t`.`type` = 1 ...')
#3 /Users/dmitrij/www/projects/smartprocessing/protected/controllers/MeetingController.php(62): MeetingController->_checkForIntersections(Object(Meeting))
#4 /Users/dmitrij/www/projects/smartprocessing/protected/controllers/MeetingController.php(19): MeetingController->saveModelPOST(Object(Meeting))
#5 /Users/dmitrij/www/projects/smartprocessing/framework/web/actions/CInlineAction.php(49): MeetingController->actionCreate()
#6 /Users/dmitrij/www/projects/smartprocessing/framework/web/CController.php(308): CInlineAction->runWithParams(Array)
#7 /Users/dmitrij/www/projects/smartprocessing/framework/web/CController.php(286): CController->runAction(Object(CInlineAction))
#8 /Users/dmitrij/www/projects/smartprocessing/framework/web/CController.php(265): CController->runActionWithFilters(Object(CInlineAction), Array)
#9 /Users/dmitrij/www/projects/smartprocessing/framework/web/CWebApplication.php(282): CController->run('create')
#10 /Users/dmitrij/www/projects/smartprocessing/framework/web/CWebApplication.php(141): CWebApplication->runController('meeting/create')
#11 /Users/dmitrij/www/projects/smartprocessing/framework/base/CApplication.php(169): CWebApplication->processRequest()
#12 /Users/dmitrij/www/projects/smartprocessing/index.php(13): CApplication->run()
#13 {main}
REQUEST_URI=/meeting/create
HTTP_REFERER=http://localhost:8083/
---
2013/12/06 21:13:09 [error] [system.db.CDbCommand] CDbCommand::fetchColumn() failed: SQLSTATE[42000]: Syntax error or access violation: 1064 You have an error in your SQL syntax; check the manual that corresponds to your MySQL server version for the right syntax to use near '' at line 1. The SQL statement executed was: SELECT COUNT(*) FROM `scheduler_meetings` `t` WHERE `t`.`type` = 1 AND ((`t`.`started_at` <  1386014400 AND `t`.`finished_at` < 1386014400) OR (`t`.`started_at` < 1386014400 AND `t`.`finished_at` < 1386014400) OR (`t`.`started_at` = 1386014400 AND `t`.`finished_at` = 1386014400)) AND .
in /Users/dmitrij/www/projects/smartprocessing/protected/controllers/MeetingController.php (98)
in /Users/dmitrij/www/projects/smartprocessing/protected/controllers/MeetingController.php (62)
in /Users/dmitrij/www/projects/smartprocessing/protected/controllers/MeetingController.php (19)
2013/12/06 21:13:09 [error] [exception.CDbException] exception 'CDbException' with message 'CDbCommand failed to execute the SQL statement: SQLSTATE[42000]: Syntax error or access violation: 1064 You have an error in your SQL syntax; check the manual that corresponds to your MySQL server version for the right syntax to use near '' at line 1. The SQL statement executed was: SELECT COUNT(*) FROM `scheduler_meetings` `t` WHERE `t`.`type` = 1 AND ((`t`.`started_at` <  1386014400 AND `t`.`finished_at` < 1386014400) OR (`t`.`started_at` < 1386014400 AND `t`.`finished_at` < 1386014400) OR (`t`.`started_at` = 1386014400 AND `t`.`finished_at` = 1386014400)) AND ' in /Users/dmitrij/www/projects/smartprocessing/framework/db/CDbCommand.php:541
Stack trace:
#0 /Users/dmitrij/www/projects/smartprocessing/framework/db/CDbCommand.php(432): CDbCommand->queryInternal('fetchColumn', 0, Array)
#1 /Users/dmitrij/www/projects/smartprocessing/framework/db/ar/CActiveRecord.php(1546): CDbCommand->queryScalar()
#2 /Users/dmitrij/www/projects/smartprocessing/protected/controllers/MeetingController.php(98): CActiveRecord->count('`t`.`type` = 1 ...')
#3 /Users/dmitrij/www/projects/smartprocessing/protected/controllers/MeetingController.php(62): MeetingController->_checkForIntersections(Object(Meeting))
#4 /Users/dmitrij/www/projects/smartprocessing/protected/controllers/MeetingController.php(19): MeetingController->saveModelPOST(Object(Meeting))
#5 /Users/dmitrij/www/projects/smartprocessing/framework/web/actions/CInlineAction.php(49): MeetingController->actionCreate()
#6 /Users/dmitrij/www/projects/smartprocessing/framework/web/CController.php(308): CInlineAction->runWithParams(Array)
#7 /Users/dmitrij/www/projects/smartprocessing/framework/web/CController.php(286): CController->runAction(Object(CInlineAction))
#8 /Users/dmitrij/www/projects/smartprocessing/framework/web/CController.php(265): CController->runActionWithFilters(Object(CInlineAction), Array)
#9 /Users/dmitrij/www/projects/smartprocessing/framework/web/CWebApplication.php(282): CController->run('create')
#10 /Users/dmitrij/www/projects/smartprocessing/framework/web/CWebApplication.php(141): CWebApplication->runController('meeting/create')
#11 /Users/dmitrij/www/projects/smartprocessing/framework/base/CApplication.php(169): CWebApplication->processRequest()
#12 /Users/dmitrij/www/projects/smartprocessing/index.php(13): CApplication->run()
#13 {main}
REQUEST_URI=/meeting/create
HTTP_REFERER=http://localhost:8083/
---
2013/12/07 00:29:33 [error] [exception.CHttpException.404] exception 'CHttpException' with message 'The system is unable to find the requested action "login".' in /Users/dmitrij/www/projects/smartprocessing/framework/web/CController.php:483
Stack trace:
#0 /Users/dmitrij/www/projects/smartprocessing/framework/web/CController.php(270): CController->missingAction('login')
#1 /Users/dmitrij/www/projects/smartprocessing/framework/web/CWebApplication.php(282): CController->run('login')
#2 /Users/dmitrij/www/projects/smartprocessing/framework/web/CWebApplication.php(141): CWebApplication->runController('site/login')
#3 /Users/dmitrij/www/projects/smartprocessing/framework/base/CApplication.php(169): CWebApplication->processRequest()
#4 /Users/dmitrij/www/projects/smartprocessing/index.php(13): CApplication->run()
#5 {main}
REQUEST_URI=/site/login
HTTP_REFERER=http://localhost:8083/site/contact
---
2013/12/07 00:31:18 [error] [exception.CHttpException.404] exception 'CHttpException' with message 'The system is unable to find the requested action "index".' in /Users/dmitrij/www/projects/smartprocessing/framework/web/CController.php:483
Stack trace:
#0 /Users/dmitrij/www/projects/smartprocessing/framework/web/CController.php(270): CController->missingAction('index')
#1 /Users/dmitrij/www/projects/smartprocessing/framework/web/CWebApplication.php(282): CController->run('index')
#2 /Users/dmitrij/www/projects/smartprocessing/framework/web/CWebApplication.php(141): CWebApplication->runController('site/index')
#3 /Users/dmitrij/www/projects/smartprocessing/framework/base/CApplication.php(169): CWebApplication->processRequest()
#4 /Users/dmitrij/www/projects/smartprocessing/index.php(13): CApplication->run()
#5 {main}
REQUEST_URI=/site/index
HTTP_REFERER=http://localhost:8083/site/login
---
2013/12/07 00:32:14 [error] [exception.CHttpException.404] exception 'CHttpException' with message 'The system is unable to find the requested action "index".' in /Users/dmitrij/www/projects/smartprocessing/framework/web/CController.php:483
Stack trace:
#0 /Users/dmitrij/www/projects/smartprocessing/framework/web/CController.php(270): CController->missingAction('index')
#1 /Users/dmitrij/www/projects/smartprocessing/framework/web/CWebApplication.php(282): CController->run('index')
#2 /Users/dmitrij/www/projects/smartprocessing/framework/web/CWebApplication.php(141): CWebApplication->runController('site/index')
#3 /Users/dmitrij/www/projects/smartprocessing/framework/base/CApplication.php(169): CWebApplication->processRequest()
#4 /Users/dmitrij/www/projects/smartprocessing/index.php(13): CApplication->run()
#5 {main}
REQUEST_URI=/site/index
HTTP_REFERER=http://localhost:8083/meeting/index
---
2013/12/07 00:32:55 [error] [exception.CHttpException.404] exception 'CHttpException' with message 'The system is unable to find the requested action "index".' in /Users/dmitrij/www/projects/smartprocessing/framework/web/CController.php:483
Stack trace:
#0 /Users/dmitrij/www/projects/smartprocessing/framework/web/CController.php(270): CController->missingAction('index')
#1 /Users/dmitrij/www/projects/smartprocessing/framework/web/CWebApplication.php(282): CController->run('index')
#2 /Users/dmitrij/www/projects/smartprocessing/framework/web/CWebApplication.php(141): CWebApplication->runController('site/index')
#3 /Users/dmitrij/www/projects/smartprocessing/framework/base/CApplication.php(169): CWebApplication->processRequest()
#4 /Users/dmitrij/www/projects/smartprocessing/index.php(13): CApplication->run()
#5 {main}
REQUEST_URI=/site/index
HTTP_REFERER=http://localhost:8083/meeting/index
---
2013/12/07 00:33:05 [error] [exception.CHttpException.404] exception 'CHttpException' with message 'The system is unable to find the requested action "index".' in /Users/dmitrij/www/projects/smartprocessing/framework/web/CController.php:483
Stack trace:
#0 /Users/dmitrij/www/projects/smartprocessing/framework/web/CController.php(270): CController->missingAction('index')
#1 /Users/dmitrij/www/projects/smartprocessing/framework/web/CWebApplication.php(282): CController->run('index')
#2 /Users/dmitrij/www/projects/smartprocessing/framework/web/CWebApplication.php(141): CWebApplication->runController('site/index')
#3 /Users/dmitrij/www/projects/smartprocessing/framework/base/CApplication.php(169): CWebApplication->processRequest()
#4 /Users/dmitrij/www/projects/smartprocessing/index.php(13): CApplication->run()
#5 {main}
REQUEST_URI=/site/index
HTTP_REFERER=http://localhost:8083/meeting/index
---
2013/12/07 00:33:08 [error] [exception.CHttpException.404] exception 'CHttpException' with message 'The system is unable to find the requested action "index".' in /Users/dmitrij/www/projects/smartprocessing/framework/web/CController.php:483
Stack trace:
#0 /Users/dmitrij/www/projects/smartprocessing/framework/web/CController.php(270): CController->missingAction('index')
#1 /Users/dmitrij/www/projects/smartprocessing/framework/web/CWebApplication.php(282): CController->run('index')
#2 /Users/dmitrij/www/projects/smartprocessing/framework/web/CWebApplication.php(141): CWebApplication->runController('site/index')
#3 /Users/dmitrij/www/projects/smartprocessing/framework/base/CApplication.php(169): CWebApplication->processRequest()
#4 /Users/dmitrij/www/projects/smartprocessing/index.php(13): CApplication->run()
#5 {main}
REQUEST_URI=/site/index
HTTP_REFERER=http://localhost:8083/meeting/index
---
